<?xml version="1.0" encoding="UTF-8"?>
<testng-results ignored="0" total="2" passed="2" failed="0" skipped="0">
  <reporter-output>
  </reporter-output>
  <suite started-at="2020-06-17T08:35:16 IST" name="Default suite" finished-at="2020-06-17T08:36:21 IST" duration-ms="65614">
    <groups>
    </groups>
    <test started-at="2020-06-17T08:35:16 IST" name="Default test" finished-at="2020-06-17T08:36:21 IST" duration-ms="65614">
      <class name="com.fb.qa.testcases.HomepageTest">
        <test-method is-config="true" signature="Setup()[pri:0, instance:com.fb.qa.testcases.HomepageTest@6a370f4]" started-at="2020-06-17T08:35:16 IST" name="Setup" finished-at="2020-06-17T08:35:31 IST" duration-ms="15569" status="PASS">
          <reporter-output>
          </reporter-output>
        </test-method> <!-- Setup -->
        <test-method signature="verifyhomepageTitleTest()[pri:1, instance:com.fb.qa.testcases.HomepageTest@6a370f4]" started-at="2020-06-17T08:35:31 IST" name="verifyhomepageTitleTest" finished-at="2020-06-17T08:35:35 IST" duration-ms="4082" status="PASS">
          <reporter-output>
          </reporter-output>
        </test-method> <!-- verifyhomepageTitleTest -->
        <test-method is-config="true" signature="teardown()[pri:0, instance:com.fb.qa.testcases.HomepageTest@6a370f4]" started-at="2020-06-17T08:35:35 IST" name="teardown" finished-at="2020-06-17T08:35:37 IST" duration-ms="1321" status="PASS">
          <reporter-output>
          </reporter-output>
        </test-method> <!-- teardown -->
        <test-method is-config="true" signature="Setup()[pri:0, instance:com.fb.qa.testcases.HomepageTest@6a370f4]" started-at="2020-06-17T08:35:37 IST" name="Setup" finished-at="2020-06-17T08:35:55 IST" duration-ms="17880" status="PASS">
          <reporter-output>
          </reporter-output>
        </test-method> <!-- Setup -->
        <test-method signature="clickonaccount()[pri:2, instance:com.fb.qa.testcases.HomepageTest@6a370f4]" started-at="2020-06-17T08:35:55 IST" name="clickonaccount" finished-at="2020-06-17T08:36:20 IST" duration-ms="25675" status="PASS">
          <reporter-output>
          </reporter-output>
        </test-method> <!-- clickonaccount -->
        <test-method is-config="true" signature="teardown()[pri:0, instance:com.fb.qa.testcases.HomepageTest@6a370f4]" started-at="2020-06-17T08:36:20 IST" name="teardown" finished-at="2020-06-17T08:36:21 IST" duration-ms="1023" status="PASS">
          <reporter-output>
          </reporter-output>
        </test-method> <!-- teardown -->
      </class> <!-- com.fb.qa.testcases.HomepageTest -->
    </test> <!-- Default test -->
  </suite> <!-- Default suite -->
</testng-results>
